2026-02-26 22:04:45 - INFO - 🚀 Khởi động Bot Live API (Phiên bản DAY 8: HEARTBEAT & WHALE ALERT)...
2026-02-26 22:04:45 - INFO - 💓 Nhịp tim: Đang quét ngầm API...
2026-02-26 22:04:49 - ERROR - ❌ Lỗi API: HTTPSConnectionPool(host='gamma-api.polymarket.com', port=443): Max retries exceeded with url: /markets?active=true&closed=false&limit=100 (Caused by NewConnectionError("HTTPSConnection(host='gamma-api.polymarket.com', port=443): Failed to establish a new connection: [WinError 10061] No connection could be made because the target machine actively refused it"))
2026-02-26 22:04:49 - INFO - 💤 Ngủ 60 giây chờ nhịp tim tiếp theo...
2026-02-26 22:05:36 - INFO - 🚀 Khởi động Bot Live API (Phiên bản DAY 8: HEARTBEAT & WHALE ALERT)...
2026-02-26 22:05:36 - INFO - 💓 Nhịp tim: Đang quét ngầm API...
2026-02-26 22:05:37 - INFO - 🚨 PHÁT HIỆN CÁ MẬP! Đang réo còi báo động Telegram...
2026-02-26 22:05:40 - INFO - 📊 Đã đến giờ gửi Báo cáo Tổng hợp. Đang vẽ biểu đồ...
2026-02-26 22:05:47 - INFO - ✅ Đã gửi Báo cáo Tổng hợp thành công!
2026-02-26 22:05:47 - INFO - 💤 Ngủ 60 giây chờ nhịp tim tiếp theo...
2026-02-28 22:26:51 - INFO - Dang ket noi vao Kho du lieu SQLite...
2026-02-28 22:26:51 - INFO - Da khoi tao cau truc Bang (Tables) thanh cong!
2026-02-28 22:26:51 - INFO - Khoi dong Bot Live API (Phiên ban DAY 10: TICH HOP SQLITE)...
2026-02-28 22:26:51 - INFO - Nhip tim: Dang quet ngam API...
2026-02-28 22:26:51 - INFO - Da bat Web Server gia mao tren cong 8080
2026-02-28 22:26:55 - ERROR - Loi API: HTTPSConnectionPool(host='gamma-api.polymarket.com', port=443): Max retries exceeded with url: /markets?active=true&closed=false&limit=100 (Caused by NewConnectionError("HTTPSConnection(host='gamma-api.polymarket.com', port=443): Failed to establish a new connection: [WinError 10061] No connection could be made because the target machine actively refused it"))
2026-02-28 22:26:55 - INFO - Ngu 60 giay cho nhip tim tiep theo...
2026-02-28 22:27:55 - INFO - Nhip tim: Dang quet ngam API...
2026-02-28 22:27:59 - ERROR - Loi API: HTTPSConnectionPool(host='gamma-api.polymarket.com', port=443): Max retries exceeded with url: /markets?active=true&closed=false&limit=100 (Caused by NewConnectionError("HTTPSConnection(host='gamma-api.polymarket.com', port=443): Failed to establish a new connection: [WinError 10061] No connection could be made because the target machine actively refused it"))
2026-02-28 22:27:59 - INFO - Ngu 60 giay cho nhip tim tiep theo...
2026-02-28 22:28:55 - INFO - Dang ket noi vao Kho du lieu SQLite...
2026-02-28 22:28:55 - INFO - Da khoi tao cau truc Bang (Tables) thanh cong!
2026-02-28 22:28:55 - INFO - Khoi dong Bot Live API (Phiên ban DAY 10: TICH HOP SQLITE)...
2026-02-28 22:28:55 - INFO - Nhip tim: Dang quet ngam API...
2026-02-28 22:28:55 - INFO - Da bat Web Server gia mao tren cong 8080
2026-02-28 22:28:55 - INFO - Da boc do xong du lieu cua 73 keo vao Kho!
2026-02-28 22:28:55 - INFO - PHAT HIEN CA MAP! Dang reo coi bao dong Telegram...
2026-02-28 22:28:57 - INFO - Da den gio gui Bao cao Tong hop. Dang ve bieu do...
2026-02-28 22:29:00 - INFO - Da gui Bao cao Tong hop thanh cong!
2026-02-28 22:29:00 - INFO - Ngu 60 giay cho nhip tim tiep theo...
2026-02-28 22:30:00 - INFO - Nhip tim: Dang quet ngam API...
2026-02-28 22:30:01 - INFO - Da boc do xong du lieu cua 73 keo vao Kho!
2026-02-28 22:30:01 - INFO - Ngu 60 giay cho nhip tim tiep theo...
2026-02-28 22:31:01 - INFO - Nhip tim: Dang quet ngam API...
2026-02-28 22:31:01 - INFO - Da boc do xong du lieu cua 73 keo vao Kho!
2026-02-28 22:31:01 - INFO - Ngu 60 giay cho nhip tim tiep theo...
2026-02-28 22:32:01 - INFO - Nhip tim: Dang quet ngam API...
2026-02-28 22:32:02 - INFO - Da boc do xong du lieu cua 73 keo vao Kho!
2026-02-28 22:32:02 - INFO - Ngu 60 giay cho nhip tim tiep theo...
2026-02-28 22:33:02 - INFO - Nhip tim: Dang quet ngam API...
2026-02-28 22:33:02 - INFO - Da boc do xong du lieu cua 73 keo vao Kho!
2026-02-28 22:33:02 - INFO - Ngu 60 giay cho nhip tim tiep theo...
2026-02-28 22:34:02 - INFO - Nhip tim: Dang quet ngam API...
2026-02-28 22:34:03 - INFO - Da boc do xong du lieu cua 73 keo vao Kho!
2026-02-28 22:34:03 - INFO - Ngu 60 giay cho nhip tim tiep theo...
2026-02-28 22:35:03 - INFO - Nhip tim: Dang quet ngam API...
2026-02-28 22:35:03 - INFO - Da boc do xong du lieu cua 73 keo vao Kho!
2026-02-28 22:35:03 - INFO - PHAT HIEN CA MAP! Dang reo coi bao dong Telegram...
2026-02-28 22:35:05 - INFO - Ngu 60 giay cho nhip tim tiep theo...
2026-02-28 22:36:05 - INFO - Nhip tim: Dang quet ngam API...
2026-02-28 22:36:05 - INFO - Da boc do xong du lieu cua 73 keo vao Kho!
2026-02-28 22:36:05 - INFO - Ngu 60 giay cho nhip tim tiep theo...
2026-02-28 22:37:05 - INFO - Nhip tim: Dang quet ngam API...
2026-02-28 22:37:06 - INFO - Da boc do xong du lieu cua 73 keo vao Kho!
2026-02-28 22:37:06 - INFO - Ngu 60 giay cho nhip tim tiep theo...
2026-02-28 22:38:06 - INFO - Nhip tim: Dang quet ngam API...
2026-02-28 22:38:06 - INFO - Da boc do xong du lieu cua 73 keo vao Kho!
2026-02-28 22:38:06 - INFO - PHAT HIEN CA MAP! Dang reo coi bao dong Telegram...
2026-02-28 22:38:08 - INFO - Ngu 60 giay cho nhip tim tiep theo...
2026-02-28 22:39:08 - INFO - Nhip tim: Dang quet ngam API...
2026-02-28 22:39:08 - INFO - Da boc do xong du lieu cua 73 keo vao Kho!
2026-02-28 22:39:08 - INFO - Ngu 60 giay cho nhip tim tiep theo...
2026-02-28 22:40:08 - INFO - Nhip tim: Dang quet ngam API...
2026-02-28 22:40:09 - INFO - Da boc do xong du lieu cua 73 keo vao Kho!
2026-02-28 22:40:09 - INFO - Ngu 60 giay cho nhip tim tiep theo...
2026-02-28 22:41:09 - INFO - Nhip tim: Dang quet ngam API...
2026-02-28 22:41:09 - INFO - Da boc do xong du lieu cua 73 keo vao Kho!
2026-02-28 22:41:09 - INFO - PHAT HIEN CA MAP! Dang reo coi bao dong Telegram...
2026-02-28 22:41:11 - INFO - Ngu 60 giay cho nhip tim tiep theo...
2026-02-28 22:42:11 - INFO - Nhip tim: Dang quet ngam API...
2026-02-28 22:42:11 - INFO - Da boc do xong du lieu cua 73 keo vao Kho!
2026-02-28 22:42:11 - INFO - Ngu 60 giay cho nhip tim tiep theo...
2026-02-28 22:43:11 - INFO - Nhip tim: Dang quet ngam API...
2026-02-28 22:43:12 - INFO - Da boc do xong du lieu cua 73 keo vao Kho!
2026-02-28 22:43:12 - INFO - Ngu 60 giay cho nhip tim tiep theo...
2026-02-28 22:44:12 - INFO - Nhip tim: Dang quet ngam API...
2026-02-28 22:44:12 - INFO - Da boc do xong du lieu cua 73 keo vao Kho!
2026-02-28 22:44:12 - INFO - Ngu 60 giay cho nhip tim tiep theo...
2026-02-28 22:45:12 - INFO - Nhip tim: Dang quet ngam API...
2026-02-28 22:45:13 - INFO - Da boc do xong du lieu cua 73 keo vao Kho!
2026-02-28 22:45:13 - INFO - Ngu 60 giay cho nhip tim tiep theo...
2026-02-28 22:46:13 - INFO - Nhip tim: Dang quet ngam API...
2026-02-28 22:46:13 - INFO - Da boc do xong du lieu cua 73 keo vao Kho!
2026-02-28 22:46:13 - INFO - Ngu 60 giay cho nhip tim tiep theo...
2026-02-28 22:47:13 - INFO - Nhip tim: Dang quet ngam API...
2026-02-28 22:47:14 - INFO - Da boc do xong du lieu cua 73 keo vao Kho!
2026-02-28 22:47:14 - INFO - Ngu 60 giay cho nhip tim tiep theo...
2026-02-28 22:48:14 - INFO - Nhip tim: Dang quet ngam API...
2026-02-28 22:48:14 - INFO - Da boc do xong du lieu cua 73 keo vao Kho!
2026-02-28 22:48:14 - INFO - Ngu 60 giay cho nhip tim tiep theo...
2026-02-28 22:49:14 - INFO - Nhip tim: Dang quet ngam API...
2026-02-28 22:49:15 - INFO - Da boc do xong du lieu cua 73 keo vao Kho!
2026-02-28 22:49:15 - INFO - Ngu 60 giay cho nhip tim tiep theo...
2026-02-28 22:50:15 - INFO - Nhip tim: Dang quet ngam API...
2026-02-28 22:50:15 - INFO - Da boc do xong du lieu cua 73 keo vao Kho!
2026-02-28 22:50:15 - INFO - Ngu 60 giay cho nhip tim tiep theo...
2026-02-28 22:51:15 - INFO - Nhip tim: Dang quet ngam API...
2026-02-28 22:51:16 - INFO - Da boc do xong du lieu cua 73 keo vao Kho!
2026-02-28 22:51:16 - INFO - Ngu 60 giay cho nhip tim tiep theo...
2026-02-28 22:52:16 - INFO - Nhip tim: Dang quet ngam API...
2026-02-28 22:52:16 - INFO - Da boc do xong du lieu cua 73 keo vao Kho!
2026-02-28 22:52:16 - INFO - Ngu 60 giay cho nhip tim tiep theo...
2026-02-28 22:53:16 - INFO - Nhip tim: Dang quet ngam API...
2026-02-28 22:53:16 - INFO - Da boc do xong du lieu cua 73 keo vao Kho!
2026-02-28 22:53:16 - INFO - Ngu 60 giay cho nhip tim tiep theo...
2026-02-28 22:54:16 - INFO - Nhip tim: Dang quet ngam API...
2026-02-28 22:54:17 - INFO - Da boc do xong du lieu cua 73 keo vao Kho!
2026-02-28 22:54:17 - INFO - Ngu 60 giay cho nhip tim tiep theo...
2026-02-28 22:55:17 - INFO - Nhip tim: Dang quet ngam API...
2026-02-28 22:55:17 - INFO - Da boc do xong du lieu cua 73 keo vao Kho!
2026-02-28 22:55:17 - INFO - Ngu 60 giay cho nhip tim tiep theo...
2026-02-28 22:56:17 - INFO - Nhip tim: Dang quet ngam API...
2026-02-28 22:56:18 - INFO - Da boc do xong du lieu cua 73 keo vao Kho!
2026-02-28 22:56:18 - INFO - Ngu 60 giay cho nhip tim tiep theo...
2026-02-28 22:57:18 - INFO - Nhip tim: Dang quet ngam API...
2026-02-28 22:57:18 - INFO - Da boc do xong du lieu cua 73 keo vao Kho!
2026-02-28 22:57:18 - INFO - Ngu 60 giay cho nhip tim tiep theo...
2026-03-06 21:46:30 - INFO - Da bat Web Server gia mao tren cong 8080
2026-03-06 21:46:30 - INFO - Dang ket noi vao Kho du lieu SQLite...
2026-03-06 21:46:30 - INFO - Da khoi tao cau truc Bang (Tables) thanh cong!
2026-03-06 21:46:30 - INFO - Khoi dong Bot Live API (Tích hợp SQLITE + BINANCE)...
2026-03-06 21:46:30 - INFO - Nhip tim: Dang quet ngam API...
2026-03-06 21:46:30 - INFO - Da boc do xong du lieu cua 91 keo vao Kho!
2026-03-06 21:46:30 - INFO - PHAT HIEN CA MAP! Dang reo coi bao dong Telegram...
2026-03-06 21:46:33 - INFO - Da den gio gui Bao cao Tong hop. Dang ve bieu do...
2026-03-06 21:46:37 - INFO - Da gui Bao cao Tong hop thanh cong!
2026-03-06 21:46:37 - INFO - Ngu 60 giay cho nhip tim tiep theo...
2026-03-06 21:47:37 - INFO - Nhip tim: Dang quet ngam API...
2026-03-06 21:47:37 - INFO - Da boc do xong du lieu cua 91 keo vao Kho!
2026-03-06 21:47:37 - INFO - Ngu 60 giay cho nhip tim tiep theo...
2026-03-06 21:48:37 - INFO - Nhip tim: Dang quet ngam API...
2026-03-06 21:48:38 - INFO - Da boc do xong du lieu cua 91 keo vao Kho!
2026-03-06 21:48:38 - INFO - Ngu 60 giay cho nhip tim tiep theo...
2026-03-06 21:49:38 - INFO - Nhip tim: Dang quet ngam API...
2026-03-06 21:49:42 - ERROR - Loi API Polymarket: HTTPSConnectionPool(host='gamma-api.polymarket.com', port=443): Max retries exceeded with url: /markets?active=true&closed=false&limit=100 (Caused by NewConnectionError("HTTPSConnection(host='gamma-api.polymarket.com', port=443): Failed to establish a new connection: [WinError 10061] No connection could be made because the target machine actively refused it"))
2026-03-06 21:49:42 - INFO - Ngu 60 giay cho nhip tim tiep theo...
2026-03-06 21:50:42 - INFO - Nhip tim: Dang quet ngam API...
2026-03-06 21:50:46 - ERROR - Loi API Polymarket: HTTPSConnectionPool(host='gamma-api.polymarket.com', port=443): Max retries exceeded with url: /markets?active=true&closed=false&limit=100 (Caused by NewConnectionError("HTTPSConnection(host='gamma-api.polymarket.com', port=443): Failed to establish a new connection: [WinError 10061] No connection could be made because the target machine actively refused it"))
2026-03-06 21:50:46 - INFO - Ngu 60 giay cho nhip tim tiep theo...
2026-03-06 21:51:46 - INFO - Nhip tim: Dang quet ngam API...
2026-03-06 21:51:50 - ERROR - Loi API Polymarket: HTTPSConnectionPool(host='gamma-api.polymarket.com', port=443): Max retries exceeded with url: /markets?active=true&closed=false&limit=100 (Caused by NewConnectionError("HTTPSConnection(host='gamma-api.polymarket.com', port=443): Failed to establish a new connection: [WinError 10061] No connection could be made because the target machine actively refused it"))
2026-03-06 21:51:50 - INFO - Ngu 60 giay cho nhip tim tiep theo...
2026-03-06 21:52:50 - INFO - Nhip tim: Dang quet ngam API...
2026-03-06 21:52:54 - ERROR - Loi API Polymarket: HTTPSConnectionPool(host='gamma-api.polymarket.com', port=443): Max retries exceeded with url: /markets?active=true&closed=false&limit=100 (Caused by NewConnectionError("HTTPSConnection(host='gamma-api.polymarket.com', port=443): Failed to establish a new connection: [WinError 10061] No connection could be made because the target machine actively refused it"))
2026-03-06 21:52:54 - INFO - Ngu 60 giay cho nhip tim tiep theo...
2026-03-06 21:53:54 - INFO - Nhip tim: Dang quet ngam API...
2026-03-06 21:53:54 - INFO - Da boc do xong du lieu cua 91 keo vao Kho!
2026-03-06 21:53:54 - INFO - PHAT HIEN CA MAP! Dang reo coi bao dong Telegram...
2026-03-06 21:53:57 - INFO - Ngu 60 giay cho nhip tim tiep theo...
2026-03-06 21:54:57 - INFO - Nhip tim: Dang quet ngam API...
2026-03-06 21:54:57 - INFO - Da boc do xong du lieu cua 91 keo vao Kho!
2026-03-06 21:54:57 - INFO - Ngu 60 giay cho nhip tim tiep theo...
2026-03-06 21:55:57 - INFO - Nhip tim: Dang quet ngam API...
2026-03-06 21:55:58 - INFO - Da boc do xong du lieu cua 91 keo vao Kho!
2026-03-06 21:55:58 - INFO - Ngu 60 giay cho nhip tim tiep theo...
2026-03-06 21:56:55 - INFO - Dang ket noi vao Kho du lieu SQLite...
2026-03-06 21:56:55 - INFO - Da khoi tao cau truc Bang (Tables) thanh cong!
2026-03-06 21:56:55 - INFO - Khoi dong Bot Live API (Tích hợp SQLITE + BINANCE)...
2026-03-06 21:56:55 - INFO - Nhip tim: Dang quet ngam API...
2026-03-06 21:56:55 - INFO - Da bat Web Server gia mao tren cong 8080
2026-03-06 21:56:56 - INFO - Da boc do xong du lieu cua 91 keo vao Kho!
2026-03-06 21:56:56 - INFO - Da den gio gui Bao cao Tong hop. Dang ve bieu do...
2026-03-06 21:57:01 - INFO - Da gui Bao cao Tong hop thanh cong!
2026-03-06 21:57:01 - INFO - Ngu 60 giay cho nhip tim tiep theo...
2026-03-06 21:58:01 - INFO - Nhip tim: Dang quet ngam API...
2026-03-06 21:58:01 - INFO - Da boc do xong du lieu cua 91 keo vao Kho!
2026-03-06 21:58:01 - INFO - Ngu 60 giay cho nhip tim tiep theo...
2026-03-06 21:59:01 - INFO - Nhip tim: Dang quet ngam API...
2026-03-06 21:59:02 - INFO - Da boc do xong du lieu cua 91 keo vao Kho!
2026-03-06 21:59:02 - INFO - Ngu 60 giay cho nhip tim tiep theo...
2026-03-06 22:00:02 - INFO - Nhip tim: Dang quet ngam API...
2026-03-06 22:00:06 - ERROR - Loi API Polymarket: HTTPSConnectionPool(host='gamma-api.polymarket.com', port=443): Max retries exceeded with url: /markets?active=true&closed=false&limit=100 (Caused by NewConnectionError("HTTPSConnection(host='gamma-api.polymarket.com', port=443): Failed to establish a new connection: [WinError 10061] No connection could be made because the target machine actively refused it"))
2026-03-06 22:00:06 - INFO - Ngu 60 giay cho nhip tim tiep theo...
2026-03-06 22:01:06 - INFO - Nhip tim: Dang quet ngam API...
2026-03-06 22:01:10 - ERROR - Loi API Polymarket: HTTPSConnectionPool(host='gamma-api.polymarket.com', port=443): Max retries exceeded with url: /markets?active=true&closed=false&limit=100 (Caused by NewConnectionError("HTTPSConnection(host='gamma-api.polymarket.com', port=443): Failed to establish a new connection: [WinError 10061] No connection could be made because the target machine actively refused it"))
2026-03-06 22:01:10 - INFO - Ngu 60 giay cho nhip tim tiep theo...
2026-03-06 22:02:10 - INFO - Nhip tim: Dang quet ngam API...
2026-03-06 22:02:14 - ERROR - Loi API Polymarket: HTTPSConnectionPool(host='gamma-api.polymarket.com', port=443): Max retries exceeded with url: /markets?active=true&closed=false&limit=100 (Caused by NewConnectionError("HTTPSConnection(host='gamma-api.polymarket.com', port=443): Failed to establish a new connection: [WinError 10061] No connection could be made because the target machine actively refused it"))
2026-03-06 22:02:14 - INFO - Ngu 60 giay cho nhip tim tiep theo...
2026-03-06 22:03:14 - INFO - Nhip tim: Dang quet ngam API...
2026-03-06 22:03:18 - ERROR - Loi API Polymarket: HTTPSConnectionPool(host='gamma-api.polymarket.com', port=443): Max retries exceeded with url: /markets?active=true&closed=false&limit=100 (Caused by NewConnectionError("HTTPSConnection(host='gamma-api.polymarket.com', port=443): Failed to establish a new connection: [WinError 10061] No connection could be made because the target machine actively refused it"))
2026-03-06 22:03:18 - INFO - Ngu 60 giay cho nhip tim tiep theo...
2026-03-06 22:04:18 - INFO - Nhip tim: Dang quet ngam API...
2026-03-06 22:04:22 - ERROR - Loi API Polymarket: HTTPSConnectionPool(host='gamma-api.polymarket.com', port=443): Max retries exceeded with url: /markets?active=true&closed=false&limit=100 (Caused by NewConnectionError("HTTPSConnection(host='gamma-api.polymarket.com', port=443): Failed to establish a new connection: [WinError 10061] No connection could be made because the target machine actively refused it"))
2026-03-06 22:04:22 - INFO - Ngu 60 giay cho nhip tim tiep theo...
2026-03-06 22:05:22 - INFO - Nhip tim: Dang quet ngam API...
2026-03-06 22:05:26 - ERROR - Loi API Polymarket: HTTPSConnectionPool(host='gamma-api.polymarket.com', port=443): Max retries exceeded with url: /markets?active=true&closed=false&limit=100 (Caused by NewConnectionError("HTTPSConnection(host='gamma-api.polymarket.com', port=443): Failed to establish a new connection: [WinError 10061] No connection could be made because the target machine actively refused it"))
2026-03-06 22:05:26 - INFO - Ngu 60 giay cho nhip tim tiep theo...
2026-03-06 22:06:26 - INFO - Nhip tim: Dang quet ngam API...
2026-03-06 22:06:30 - ERROR - Loi API Polymarket: HTTPSConnectionPool(host='gamma-api.polymarket.com', port=443): Max retries exceeded with url: /markets?active=true&closed=false&limit=100 (Caused by NewConnectionError("HTTPSConnection(host='gamma-api.polymarket.com', port=443): Failed to establish a new connection: [WinError 10061] No connection could be made because the target machine actively refused it"))
2026-03-06 22:06:30 - INFO - Ngu 60 giay cho nhip tim tiep theo...
2026-03-06 22:07:30 - INFO - Nhip tim: Dang quet ngam API...
2026-03-06 22:07:31 - INFO - Da boc do xong du lieu cua 91 keo vao Kho!
2026-03-06 22:07:31 - INFO - Ngu 60 giay cho nhip tim tiep theo...
2026-03-06 22:08:28 - INFO - Dang ket noi vao Kho du lieu SQLite...
2026-03-06 22:08:28 - INFO - Da khoi tao cau truc Bang (Tables) thanh cong!
2026-03-06 22:08:28 - INFO - 🚀 KHỞI ĐỘNG HỆ THỐNG WHALE TRACKER V2 (Tích hợp BINANCE & SQLITE) 🚀
2026-03-06 22:08:28 - INFO - Nhịp tim: Đang quét ngầm API...
2026-03-06 22:08:28 - INFO - Đã bật Web Server giả mạo trên cổng 8080 để giữ Bot sống
2026-03-06 22:08:28 - INFO - Da boc do xong du lieu cua 91 keo vao Kho!
2026-03-06 22:08:28 - INFO - Đã đến giờ gửi Báo cáo Tổng hợp. Đang vẽ biểu đồ...
2026-03-07 20:44:49 - INFO - Đã bật Web Server giả mạo trên cổng 8080 để giữ Bot sống
2026-03-07 20:44:49 - INFO - Dang ket noi vao Kho du lieu SQLite...
2026-03-07 20:44:49 - INFO - Da khoi tao cau truc Bang (Tables) thanh cong!
2026-03-07 20:44:49 - INFO - 🚀 KHỞI ĐỘNG HỆ THỐNG WHALE TRACKER V2 (Tích hợp BINANCE & SQLITE) 🚀
2026-03-07 20:44:49 - INFO - Nhịp tim: Đang quét ngầm API...
2026-03-07 20:44:50 - INFO - Da boc do xong du lieu cua 91 keo vao Kho!
2026-03-07 20:44:50 - INFO - 🚨 PHÁT HIỆN 91 CÁ MẬP! Đang réo còi báo động Telegram...
2026-03-07 20:44:50 - INFO - 🟡 [CÁ CON] Bơm +$5,419 vào: BitBoy convicted?
2026-03-07 20:44:50 - INFO - 🟡 [CÁ CON] Bơm +$2,293 vào: Russia-Ukraine Ceasefire before GTA VI?
2026-03-07 20:44:50 - INFO - 🟡 [CÁ CON] Bơm +$431 vào: New Rihanna Album before GTA VI?
2026-03-07 20:44:50 - INFO - 🟡 [CÁ CON] Bơm +$251 vào: New Playboi Carti Album before GTA VI?
2026-03-07 20:44:50 - INFO - 🟡 [CÁ CON] Bơm +$34,298 vào: Will Jesus Christ return before GTA VI?
2026-03-07 20:44:50 - INFO - 🟡 [CÁ CON] Bơm +$2,685 vào: Trump out as President before GTA VI?
2026-03-07 20:44:50 - INFO - 🟡 [CÁ CON] Bơm +$4,986 vào: Will China invades Taiwan before GTA VI?
2026-03-07 20:44:50 - INFO - 🟡 [CÁ CON] Bơm +$3,381 vào: Will bitcoin hit $1m before GTA VI?
2026-03-07 20:44:50 - INFO - 🟠 [CÁ MẬP] Bơm +$90,525 vào: GTA VI released before June 2026?
2026-03-07 20:44:50 - INFO - 🟡 [CÁ CON] Bơm +$729 vào: Will Italy qualify for the 2026 FIFA World Cup?
2026-03-07 20:44:50 - INFO - 🟡 [CÁ CON] Bơm +$234 vào: Will Sweden qualify for the 2026 FIFA World Cup?
2026-03-07 20:44:50 - INFO - 🟡 [CÁ CON] Bơm +$171 vào: Will Poland qualify for the 2026 FIFA World Cup?
2026-03-07 20:44:50 - INFO - 🟡 [CÁ CON] Bơm +$280 vào: Will Ukraine qualify for the 2026 FIFA World Cup?
2026-03-07 20:44:50 - INFO - 🟡 [CÁ CON] Bơm +$10,304 vào: Will the Carolina Hurricanes win the 2026 NHL Stanle...
2026-03-07 20:44:50 - INFO - 🟡 [CÁ CON] Bơm +$17,571 vào: Will the Florida Panthers win the 2026 NHL Stanley Cup?
2026-03-07 20:44:50 - INFO - 🟡 [CÁ CON] Bơm +$5,538 vào: Will the Edmonton Oilers win the 2026 NHL Stanley Cup?
2026-03-07 20:44:50 - INFO - 🟡 [CÁ CON] Bơm +$17,000 vào: Will the Dallas Stars win the 2026 NHL Stanley Cup?
2026-03-07 20:44:50 - INFO - 🟠 [CÁ MẬP] Bơm +$268,766 vào: Will the Colorado Avalanche win the 2026 NHL Stanley...
2026-03-07 20:44:50 - INFO - 🟡 [CÁ CON] Bơm +$13,412 vào: Will the Vegas Golden Knights win the 2026 NHL Stanl...
2026-03-07 20:44:50 - INFO - 🟡 [CÁ CON] Bơm +$6,722 vào: Will the Tampa Bay Lightning win the 2026 NHL Stanle...
2026-03-07 20:44:50 - INFO - 🟡 [CÁ CON] Bơm +$7,729 vào: Will the Los Angeles Kings win the 2026 NHL Stanley ...
2026-03-07 20:44:50 - INFO - 🟡 [CÁ CON] Bơm +$11,602 vào: Will the New Jersey Devils win the 2026 NHL Stanley ...
2026-03-07 20:44:50 - INFO - 🟡 [CÁ CON] Bơm +$11,617 vào: Will the Winnipeg Jets win the 2026 NHL Stanley Cup?
2026-03-07 20:44:50 - INFO - 🟡 [CÁ CON] Bơm +$24,376 vào: Will the Toronto Maple Leafs win the 2026 NHL Stanle...
2026-03-07 20:44:50 - INFO - 🟡 [CÁ CON] Bơm +$7,601 vào: Will the Washington Capitals win the 2026 NHL Stanle...
2026-03-07 20:44:50 - INFO - 🟡 [CÁ CON] Bơm +$9,501 vào: Will the New York Rangers win the 2026 NHL Stanley Cup?
2026-03-07 20:44:50 - INFO - 🟡 [CÁ CON] Bơm +$6,220 vào: Will the Ottawa Senators win the 2026 NHL Stanley Cup?
2026-03-07 20:44:50 - INFO - 🟡 [CÁ CON] Bơm +$23,375 vào: Will the Minnesota Wild win the 2026 NHL Stanley Cup?
2026-03-07 20:44:50 - INFO - 🟡 [CÁ CON] Bơm +$10,199 vào: Will the Utah Mammoth win the 2026 NHL Stanley Cup?
2026-03-07 20:44:50 - INFO - 🟡 [CÁ CON] Bơm +$11,328 vào: Will the St. Louis Blues win the 2026 NHL Stanley Cup?
2026-03-07 20:44:50 - INFO - 🟡 [CÁ CON] Bơm +$9,212 vào: Will the Vancouver Canucks win the 2026 NHL Stanley ...
2026-03-07 20:44:50 - INFO - 🟡 [CÁ CON] Bơm +$5,845 vào: Will the New York Islanders win the 2026 NHL Stanley...
2026-03-07 20:44:50 - INFO - 🟡 [CÁ CON] Bơm +$7,187 vào: Will the Philadelphia Flyers win the 2026 NHL Stanle...
2026-03-07 20:44:50 - INFO - 🟡 [CÁ CON] Bơm +$3,932 vào: Will the Columbus Blue Jackets win the 2026 NHL Stan...
2026-03-07 20:44:50 - INFO - 🟡 [CÁ CON] Bơm +$8,840 vào: Will the Calgary Flames win the 2026 NHL Stanley Cup?
2026-03-07 20:44:50 - INFO - 🟡 [CÁ CON] Bơm +$6,989 vào: Will the Nashville Predators win the 2026 NHL Stanle...
2026-03-07 20:44:50 - INFO - 🟡 [CÁ CON] Bơm +$3,938 vào: Will the Detroit Red Wings win the 2026 NHL Stanley ...
2026-03-07 20:44:50 - INFO - 🟡 [CÁ CON] Bơm +$8,056 vào: Will the Anaheim Ducks win the 2026 NHL Stanley Cup?
2026-03-07 20:44:50 - INFO - 🟡 [CÁ CON] Bơm +$8,546 vào: Will the Montreal Canadiens win the 2026 NHL Stanley...
2026-03-07 20:44:50 - INFO - 🟡 [CÁ CON] Bơm +$4,999 vào: Will the Boston Bruins win the 2026 NHL Stanley Cup?
2026-03-07 20:44:50 - INFO - 🟡 [CÁ CON] Bơm +$14,464 vào: Will the Buffalo Sabres win the 2026 NHL Stanley Cup?
2026-03-07 20:44:50 - INFO - 🟡 [CÁ CON] Bơm +$12,212 vào: Will the Pittsburgh Penguins win the 2026 NHL Stanle...
2026-03-07 20:44:50 - INFO - 🟡 [CÁ CON] Bơm +$7,183 vào: Will the Seattle Kraken win the 2026 NHL Stanley Cup?
2026-03-07 20:44:50 - INFO - 🟡 [CÁ CON] Bơm +$5,013 vào: Will the Chicago Blackhawks win the 2026 NHL Stanley...
2026-03-07 20:44:50 - INFO - 🟡 [CÁ CON] Bơm +$7,686 vào: Will the San Jose Sharks win the 2026 NHL Stanley Cup?
2026-03-07 20:44:50 - INFO - 🟠 [CÁ MẬP] Bơm +$83,006 vào: Will the Oklahoma City Thunder win the 2026 NBA Finals?
2026-03-07 20:44:50 - INFO - 🟠 [CÁ MẬP] Bơm +$64,731 vào: Will the Cleveland Cavaliers win the 2026 NBA Finals?
2026-03-07 20:44:50 - INFO - 🟠 [CÁ MẬP] Bơm +$56,635 vào: Will the New York Knicks win the 2026 NBA Finals?
2026-03-07 20:44:50 - INFO - 🟡 [CÁ CON] Bơm +$35,631 vào: Will the Minnesota Timberwolves win the 2026 NBA Fin...
2026-03-07 20:44:50 - INFO - 🟠 [CÁ MẬP] Bơm +$65,649 vào: Will the Houston Rockets win the 2026 NBA Finals?
2026-03-07 20:44:50 - INFO - 🟠 [CÁ MẬP] Bơm +$104,177 vào: Will the Indiana Pacers win the 2026 NBA Finals?
2026-03-07 20:44:50 - INFO - 🟠 [CÁ MẬP] Bơm +$78,817 vào: Will the Boston Celtics win the 2026 NBA Finals?
2026-03-07 20:44:50 - INFO - 🟠 [CÁ MẬP] Bơm +$58,904 vào: Will the Los Angeles Lakers win the 2026 NBA Finals?
2026-03-07 20:44:50 - INFO - 🟠 [CÁ MẬP] Bơm +$77,557 vào: Will the Orlando Magic win the 2026 NBA Finals?
2026-03-07 20:44:50 - INFO - 🟠 [CÁ MẬP] Bơm +$79,930 vào: Will the Denver Nuggets win the 2026 NBA Finals?
2026-03-07 20:44:50 - INFO - 🟠 [CÁ MẬP] Bơm +$77,225 vào: Will the San Antonio Spurs win the 2026 NBA Finals?
2026-03-07 20:44:50 - INFO - 🟠 [CÁ MẬP] Bơm +$64,728 vào: Will the Golden State Warriors win the 2026 NBA Finals?
2026-03-07 20:44:50 - INFO - 🟠 [CÁ MẬP] Bơm +$57,098 vào: Will the Los Angeles Clippers win the 2026 NBA Finals?
2026-03-07 20:44:50 - INFO - 🟠 [CÁ MẬP] Bơm +$62,182 vào: Will the Philadelphia 76ers win the 2026 NBA Finals?
2026-03-07 20:44:50 - INFO - 🟠 [CÁ MẬP] Bơm +$83,715 vào: Will the Dallas Mavericks win the 2026 NBA Finals?
2026-03-07 20:44:50 - INFO - 🟠 [CÁ MẬP] Bơm +$88,335 vào: Will the Detroit Pistons win the 2026 NBA Finals?
2026-03-07 20:44:50 - INFO - 🟠 [CÁ MẬP] Bơm +$194,571 vào: Will the Milwaukee Bucks win the 2026 NBA Finals?
2026-03-07 20:44:50 - INFO - 🟠 [CÁ MẬP] Bơm +$439,255 vào: Will the Miami Heat win the 2026 NBA Finals?
2026-03-07 20:44:50 - INFO - 🟠 [CÁ MẬP] Bơm +$139,948 vào: Will the Memphis Grizzlies win the 2026 NBA Finals?
2026-03-07 20:44:50 - INFO - 🟠 [CÁ MẬP] Bơm +$120,771 vào: Will the New Orleans Pelicans win the 2026 NBA Finals?
2026-03-07 20:44:50 - INFO - 🟠 [CÁ MẬP] Bơm +$88,177 vào: Will the Toronto Raptors win the 2026 NBA Finals?
2026-03-07 20:44:50 - INFO - 🟠 [CÁ MẬP] Bơm +$378,151 vào: Will the Phoenix Suns win the 2026 NBA Finals?
2026-03-07 20:44:50 - INFO - 🟠 [CÁ MẬP] Bơm +$174,514 vào: Will the Chicago Bulls win the 2026 NBA Finals?
2026-03-07 20:44:50 - INFO - 🟠 [CÁ MẬP] Bơm +$230,875 vào: Will the Portland Trail Blazers win the 2026 NBA Fin...
2026-03-07 20:44:50 - INFO - 🟠 [CÁ MẬP] Bơm +$134,495 vào: Will the Brooklyn Nets win the 2026 NBA Finals?
2026-03-07 20:44:50 - INFO - 🟠 [CÁ MẬP] Bơm +$163,643 vào: Will the Atlanta Hawks win the 2026 NBA Finals?
2026-03-07 20:44:50 - INFO - 🟠 [CÁ MẬP] Bơm +$418,275 vào: Will the Charlotte Hornets win the 2026 NBA Finals?
2026-03-07 20:44:50 - INFO - 🟠 [CÁ MẬP] Bơm +$185,800 vào: Will the Utah Jazz win the 2026 NBA Finals?
2026-03-07 20:44:50 - INFO - 🟠 [CÁ MẬP] Bơm +$128,120 vào: Will the Sacramento Kings win the 2026 NBA Finals?
2026-03-07 20:44:50 - INFO - 🟠 [CÁ MẬP] Bơm +$79,917 vào: Will the Washington Wizards win the 2026 NBA Finals?
2026-03-07 20:44:50 - INFO - 🟡 [CÁ CON] Bơm +$8,657 vào: MegaETH market cap (FDV) >$6B one day after launch?
2026-03-07 20:44:50 - INFO - 🟠 [CÁ MẬP] Bơm +$69,287 vào: Will Spain win the 2026 FIFA World Cup?
2026-03-07 20:44:50 - INFO - 🟡 [CÁ CON] Bơm +$29,174 vào: Will England win the 2026 FIFA World Cup?
2026-03-07 20:44:50 - INFO - 🟡 [CÁ CON] Bơm +$21,087 vào: Will France win the 2026 FIFA World Cup?
2026-03-07 20:44:50 - INFO - 🟡 [CÁ CON] Bơm +$46,220 vào: Will Brazil win the 2026 FIFA World Cup?
2026-03-07 20:44:50 - INFO - 🟡 [CÁ CON] Bơm +$33,428 vào: Will Argentina win the 2026 FIFA World Cup?
2026-03-07 20:44:50 - INFO - 🟡 [CÁ CON] Bơm +$25,758 vào: Will Germany win the 2026 FIFA World Cup?
2026-03-07 20:44:50 - INFO - 🟡 [CÁ CON] Bơm +$38,030 vào: Will Portugal win the 2026 FIFA World Cup?
2026-03-07 20:44:50 - INFO - 🟠 [CÁ MẬP] Bơm +$84,884 vào: Will Netherlands win the 2026 FIFA World Cup?
2026-03-07 20:44:50 - INFO - 🟡 [CÁ CON] Bơm +$32,017 vào: Will Italy win the 2026 FIFA World Cup?
2026-03-07 20:44:50 - INFO - 🟠 [CÁ MẬP] Bơm +$59,931 vào: Will USA win the 2026 FIFA World Cup?
2026-03-07 20:44:50 - INFO - 🟠 [CÁ MẬP] Bơm +$103,826 vào: Will Uruguay win the 2026 FIFA World Cup?
2026-03-07 20:44:50 - INFO - 🟠 [CÁ MẬP] Bơm +$234,358 vào: Will Mexico win the 2026 FIFA World Cup?
2026-03-07 20:44:50 - INFO - 🟠 [CÁ MẬP] Bơm +$107,366 vào: Will Belgium win the 2026 FIFA World Cup?
2026-03-07 20:44:50 - INFO - 🟡 [CÁ CON] Bơm +$27,172 vào: Will Colombia win the 2026 FIFA World Cup?
2026-03-07 20:44:50 - INFO - 🟠 [CÁ MẬP] Bơm +$67,443 vào: Will Japan win the 2026 FIFA World Cup?
2026-03-07 20:44:52 - INFO - Đã đến giờ gửi Báo cáo Tổng hợp. Đang vẽ biểu đồ...
2026-03-07 20:44:56 - INFO - Đã gửi Báo cáo Tổng hợp định kỳ thành công!
2026-03-07 20:44:56 - INFO - Ngủ 60 giây cho nhịp tim tiếp theo...
2026-03-07 20:45:56 - INFO - Nhịp tim: Đang quét ngầm API...
2026-03-07 20:45:56 - INFO - Da boc do xong du lieu cua 91 keo vao Kho!
2026-03-07 20:45:56 - INFO - Ngủ 60 giây cho nhịp tim tiếp theo...
2026-03-07 20:46:05 - INFO - Dang ket noi vao Kho du lieu SQLite...
2026-03-07 20:46:05 - INFO - Da khoi tao cau truc Bang (Tables) thanh cong!
2026-03-07 20:46:05 - INFO - 🚀 KHỞI ĐỘNG HỆ THỐNG WHALE TRACKER V2 (Tích hợp BINANCE & SQLITE) 🚀
2026-03-07 20:46:05 - INFO - Nhịp tim: Đang quét ngầm API...
2026-03-07 20:46:05 - INFO - Đã bật Web Server giả mạo trên cổng 8080 để giữ Bot sống
2026-03-07 20:46:05 - INFO - Da boc do xong du lieu cua 91 keo vao Kho!
2026-03-07 20:46:05 - INFO - Đã đến giờ gửi Báo cáo Tổng hợp. Đang vẽ biểu đồ...
2026-03-07 20:46:09 - INFO - Đã gửi Báo cáo Tổng hợp định kỳ thành công!
2026-03-07 20:46:09 - INFO - Ngủ 60 giây cho nhịp tim tiếp theo...
2026-03-07 20:47:09 - INFO - Nhịp tim: Đang quét ngầm API...
2026-03-07 20:47:13 - ERROR - Lỗi API Polymarket: HTTPSConnectionPool(host='gamma-api.polymarket.com', port=443): Max retries exceeded with url: /markets?active=true&closed=false&limit=100 (Caused by NewConnectionError("HTTPSConnection(host='gamma-api.polymarket.com', port=443): Failed to establish a new connection: [WinError 10061] No connection could be made because the target machine actively refused it"))
2026-03-07 20:47:13 - INFO - Ngủ 60 giây cho nhịp tim tiếp theo...
2026-03-07 20:48:13 - INFO - Nhịp tim: Đang quét ngầm API...
2026-03-07 20:48:17 - ERROR - Lỗi API Polymarket: HTTPSConnectionPool(host='gamma-api.polymarket.com', port=443): Max retries exceeded with url: /markets?active=true&closed=false&limit=100 (Caused by NewConnectionError("HTTPSConnection(host='gamma-api.polymarket.com', port=443): Failed to establish a new connection: [WinError 10061] No connection could be made because the target machine actively refused it"))
2026-03-07 20:48:17 - INFO - Ngủ 60 giây cho nhịp tim tiếp theo...
2026-03-07 20:49:17 - INFO - Nhịp tim: Đang quét ngầm API...
2026-03-07 20:49:17 - INFO - Da boc do xong du lieu cua 91 keo vao Kho!
2026-03-07 20:49:17 - INFO - 🚨 PHÁT HIỆN 16 CÁ MẬP! Đang réo còi báo động Telegram...
2026-03-07 20:49:18 - INFO - 🟡 [CÁ CON] Bơm +$20 vào: BitBoy convicted?
2026-03-07 20:49:18 - INFO - 🟡 [CÁ CON] Bơm +$15 vào: Will Jesus Christ return before GTA VI?
2026-03-07 20:49:18 - INFO - 🟡 [CÁ CON] Bơm +$8 vào: Will the Colorado Avalanche win the 2026 NHL Stanley...
2026-03-07 20:49:18 - INFO - 🟡 [CÁ CON] Bơm +$17 vào: Will the Minnesota Wild win the 2026 NHL Stanley Cup?
2026-03-07 20:49:18 - INFO - 🟡 [CÁ CON] Bơm +$205 vào: Will the Montreal Canadiens win the 2026 NHL Stanley...
2026-03-07 20:49:18 - INFO - 🟡 [CÁ CON] Bơm +$175 vào: Will the Oklahoma City Thunder win the 2026 NBA Finals?
2026-03-07 20:49:18 - INFO - 🟡 [CÁ CON] Bơm +$36 vào: Will the Minnesota Timberwolves win the 2026 NBA Fin...
2026-03-07 20:49:18 - INFO - 🟡 [CÁ CON] Bơm +$32 vào: Will the Boston Celtics win the 2026 NBA Finals?
2026-03-07 20:49:18 - INFO - 🟡 [CÁ CON] Bơm +$15 vào: Will the San Antonio Spurs win the 2026 NBA Finals?
2026-03-07 20:49:18 - INFO - 🟡 [CÁ CON] Bơm +$1,678 vào: Will the Philadelphia 76ers win the 2026 NBA Finals?
2026-03-07 20:49:18 - INFO - 🟡 [CÁ CON] Bơm +$121 vào: Will the New Orleans Pelicans win the 2026 NBA Finals?
2026-03-07 20:49:18 - INFO - 🟡 [CÁ CON] Bơm +$57 vào: Will the Utah Jazz win the 2026 NBA Finals?
2026-03-07 20:49:18 - INFO - 🟡 [CÁ CON] Bơm +$5 vào: Will Germany win the 2026 FIFA World Cup?
2026-03-07 20:49:18 - INFO - 🟡 [CÁ CON] Bơm +$274 vào: Will Portugal win the 2026 FIFA World Cup?
2026-03-07 20:49:18 - INFO - 🟡 [CÁ CON] Bơm +$9 vào: Will Netherlands win the 2026 FIFA World Cup?
2026-03-07 20:49:18 - INFO - 🟡 [CÁ CON] Bơm +$1 vào: Will Italy win the 2026 FIFA World Cup?
2026-03-07 20:49:19 - INFO - Ngủ 60 giây cho nhịp tim tiếp theo...
